#
# There is insufficient memory for the Java Runtime Environment to continue.
# Native memory allocation (mmap) failed to map 268435456 bytes for G1 virtual space
# Possible reasons:
#   The system is out of physical RAM or swap space
#   The process is running with CompressedOops enabled, and the Java Heap may be blocking the growth of the native heap
# Possible solutions:
#   Reduce memory load on the system
#   Increase physical memory or swap space
#   Check if swap backing store is full
#   Decrease Java heap size (-Xmx/-Xms)
#   Decrease number of Java threads
#   Decrease Java thread stack sizes (-Xss)
#   Set larger code cache with -XX:ReservedCodeCacheSize=
#   JVM is running with Zero Based Compressed Oops mode in which the Java heap is
#     placed in the first 32GB address space. The Java Heap base address is the
#     maximum limit for the native heap growth. Please use -XX:HeapBaseMinAddress
#     to set the Java Heap base and to place the Java Heap above 32GB virtual address.
# This output file may be truncated or incomplete.
#
#  Out of Memory Error (os_windows.cpp:3600), pid=8876, tid=17516
#
# JRE version:  (21.0.1+12) (build )
# Java VM: Java HotSpot(TM) 64-Bit Server VM (21.0.1+12-LTS-29, mixed mode, sharing, tiered, compressed oops, compressed class ptrs, g1 gc, windows-amd64)
# No core dump will be written. Minidumps are not enabled by default on client versions of Windows
#

---------------  S U M M A R Y ------------

Command Line: -Dfile.encoding=windows-1251 -Duser.country=RU -Duser.language=ru -Duser.variant hexlet.code.App

Host: Intel(R) Core(TM) i5-9400F CPU @ 2.90GHz, 6 cores, 15G,  Windows 10 , 64 bit Build 19041 (10.0.19041.3636)
Time: Sun Jan  7 16:05:16 2024 RTZ 2 (s 10 , 64 bit Build 19041 (10.0.19041.3636) elapsed time: 0.008269 seconds (0d 0h 0m 0s)

---------------  T H R E A D  ---------------

Current thread (0x000002116a367960):  JavaThread "Unknown thread" [_thread_in_vm, id=17516, stack(0x0000002f6ae00000,0x0000002f6af00000) (1024K)]

Stack: [0x0000002f6ae00000,0x0000002f6af00000]
Native frames: (J=compiled Java code, j=interpreted, Vv=VM code, C=native code)
V  [jvm.dll+0x6c9029]
V  [jvm.dll+0x854b81]
V  [jvm.dll+0x856e5e]
V  [jvm.dll+0x857543]
V  [jvm.dll+0x280c06]
V  [jvm.dll+0x6c5715]
V  [jvm.dll+0x6ba10a]
V  [jvm.dll+0x3557ea]
V  [jvm.dll+0x35d436]
V  [jvm.dll+0x3ae1be]
V  [jvm.dll+0x3ae468]
V  [jvm.dll+0x3291fc]
V  [jvm.dll+0x329d8b]
V  [jvm.dll+0x81d179]
V  [jvm.dll+0x3bb4f1]
V  [jvm.dll+0x805ae8]
V  [jvm.dll+0x44effe]
V  [jvm.dll+0x450901]
C  [jli.dll+0x52a3]
C  [ucrtbase.dll+0x21bb2]
C  [KERNEL32.DLL+0x17344]
C  [ntdll.dll+0x526b1]


---------------  P R O C E S S  ---------------

Threads class SMR info:
_java_thread_list=0x00007fff9b789b88, length=0, elements={
}

Java Threads: ( => current thread )
Total: 0

Other Threads:
  0x000002116a3c6c50 WorkerThread "GC Thread#0"                     [id=2800, stack(0x0000002f6af00000,0x0000002f6b000000) (1024K)]
  0x000002116a3d7cf0 ConcurrentGCThread "G1 Main Marker"            [id=11988, stack(0x0000002f6b000000,0x0000002f6b100000) (1024K)]
  0x000002116a3d97a0 WorkerThread "G1 Conc#0"                       [id=14948, stack(0x0000002f6b100000,0x0000002f6b200000) (1024K)]

[error occurred during error reporting (printing all threads), id 0xc0000005, EXCEPTION_ACCESS_VIOLATION (0xc0000005) at pc=0x00007fff9aefc2c7]
VM state: not at safepoint (not fully initialized)

VM Mutex/Monitor currently owned by a thread:  ([mutex/lock_event])
[0x00007fff9b7fa6f8] Heap_lock - owner thread: 0x000002116a367960

Heap address: 0x0000000700e00000, size: 4082 MB, Compressed Oops mode: Zero based, Oop shift amount: 3

CDS archive(s) mapped at: [0x0000000000000000-0x0000000000000000-0x0000000000000000), size 0, SharedBaseAddress: 0x0000000800000000, ArchiveRelocationMode: 1.
Narrow klass base: 0x0000000000000000, Narrow klass shift: 0, Narrow klass range: 0x0

GC Precious Log:
 CardTable entry size: 512
 Card Set container configuration: InlinePtr #cards 4 size 8 Array Of Cards #cards 16 size 48 Howl #buckets 8 coarsen threshold 3686 Howl Bitmap #cards 512 size 80 coarsen threshold 460 Card regions per heap region 1 cards per card region 4096

Heap:
 garbage-first heap   total 0K, used 0K [0x0000000700e00000, 0x0000000800000000)
  region size 2048K, 0 young (0K), 0 survivors (0K)

[error occurred during error reporting (printing heap information), id 0xc0000005, EXCEPTION_ACCESS_VIOLATION (0xc0000005) at pc=0x00007fff9b2e1be9]
GC Heap History (0 events):
No events

Dll operation events (1 events):
Event: 0.005 Loaded shared library C:\Program Files\Java\jdk-21\bin\java.dll

Deoptimization events (0 events):
No events

Classes loaded (0 events):
No events

Classes unloaded (0 events):
No events

Classes redefined (0 events):
No events

Internal exceptions (0 events):
No events

ZGC Phase Switch (0 events):
No events

VM Operations (0 events):
No events

Events (0 events):
No events


Dynamic libraries:
0x00007ff7fea60000 - 0x00007ff7fea70000 	C:\Program Files\Java\jdk-21\bin\java.exe
0x00007fffced90000 - 0x00007fffcef88000 	C:\WINDOWS\SYSTEM32\ntdll.dll
0x00007fffcd150000 - 0x00007fffcd20d000 	C:\WINDOWS\System32\KERNEL32.DLL
0x00007fffcc9a0000 - 0x00007fffccc96000 	C:\WINDOWS\System32\KERNELBASE.dll
0x00007fffcc760000 - 0x00007fffcc860000 	C:\WINDOWS\System32\ucrtbase.dll
0x00007fffc3090000 - 0x00007fffc30ab000 	C:\Program Files\Java\jdk-21\bin\VCRUNTIME140.dll
0x00007fffc30b0000 - 0x00007fffc30c9000 	C:\Program Files\Java\jdk-21\bin\jli.dll
0x00007fffce3a0000 - 0x00007fffce44f000 	C:\WINDOWS\System32\ADVAPI32.dll
0x00007fffcdee0000 - 0x00007fffcdf7e000 	C:\WINDOWS\System32\msvcrt.dll
0x00007fffcdf80000 - 0x00007fffce01c000 	C:\WINDOWS\System32\sechost.dll
0x00007fffcd840000 - 0x00007fffcd966000 	C:\WINDOWS\System32\RPCRT4.dll
0x00007fffccf80000 - 0x00007fffcd11e000 	C:\WINDOWS\System32\USER32.dll
0x00007fffb09d0000 - 0x00007fffb0c6a000 	C:\WINDOWS\WinSxS\amd64_microsoft.windows.common-controls_6595b64144ccf1df_6.0.19041.3636_none_60b6a03d71f818d5\COMCTL32.dll
0x00007fffccd40000 - 0x00007fffccd62000 	C:\WINDOWS\System32\win32u.dll
0x00007fffcec10000 - 0x00007fffcec3c000 	C:\WINDOWS\System32\GDI32.dll
0x00007fffcc4e0000 - 0x00007fffcc5fa000 	C:\WINDOWS\System32\gdi32full.dll
0x00007fffccca0000 - 0x00007fffccd3d000 	C:\WINDOWS\System32\msvcp_win.dll
0x00007fffc6510000 - 0x00007fffc651a000 	C:\WINDOWS\SYSTEM32\VERSION.dll
0x00007fffcd120000 - 0x00007fffcd150000 	C:\WINDOWS\System32\IMM32.DLL
0x00007fffc7ed0000 - 0x00007fffc7edc000 	C:\Program Files\Java\jdk-21\bin\vcruntime140_1.dll
0x00007fffbb6f0000 - 0x00007fffbb77e000 	C:\Program Files\Java\jdk-21\bin\msvcp140.dll
0x00007fff9abc0000 - 0x00007fff9b8d5000 	C:\Program Files\Java\jdk-21\bin\server\jvm.dll
0x00007fffce330000 - 0x00007fffce39b000 	C:\WINDOWS\System32\WS2_32.dll
0x00007fffcbea0000 - 0x00007fffcbeeb000 	C:\WINDOWS\SYSTEM32\POWRPROF.dll
0x00007fffc5830000 - 0x00007fffc5857000 	C:\WINDOWS\SYSTEM32\WINMM.dll
0x00007fffcbe20000 - 0x00007fffcbe32000 	C:\WINDOWS\SYSTEM32\UMPDC.dll
0x00007fffca310000 - 0x00007fffca322000 	C:\WINDOWS\SYSTEM32\kernel.appcore.dll
0x00007fffc7e90000 - 0x00007fffc7e9a000 	C:\Program Files\Java\jdk-21\bin\jimage.dll
0x00007fffb5450000 - 0x00007fffb5634000 	C:\WINDOWS\SYSTEM32\DBGHELP.DLL
0x00007fffaaf00000 - 0x00007fffaaf34000 	C:\WINDOWS\SYSTEM32\dbgcore.DLL
0x00007fffcc860000 - 0x00007fffcc8e2000 	C:\WINDOWS\System32\bcryptPrimitives.dll
0x00007fffc3070000 - 0x00007fffc308f000 	C:\Program Files\Java\jdk-21\bin\java.dll

dbghelp: loaded successfully - version: 4.0.5 - missing functions: none
symbol engine: initialized successfully - sym options: 0x614 - pdb path: .;C:\Program Files\Java\jdk-21\bin;C:\WINDOWS\SYSTEM32;C:\WINDOWS\WinSxS\amd64_microsoft.windows.common-controls_6595b64144ccf1df_6.0.19041.3636_none_60b6a03d71f818d5;C:\Program Files\Java\jdk-21\bin\server

VM Arguments:
jvm_args: -Dfile.encoding=windows-1251 -Duser.country=RU -Duser.language=ru -Duser.variant 
java_command: hexlet.code.App
java_class_path (initial): C:\Users\PC SAN\IdeaProjects\java-project-61\app\build\classes\java\main;C:\Users\PC SAN\IdeaProjects\java-project-61\app\build\resources\main
Launcher Type: SUN_STANDARD

[Global flags]
     intx CICompilerCount                          = 3                                         {product} {ergonomic}
     uint ConcGCThreads                            = 2                                         {product} {ergonomic}
     uint G1ConcRefinementThreads                  = 6                                         {product} {ergonomic}
   size_t G1HeapRegionSize                         = 2097152                                   {product} {ergonomic}
    uintx GCDrainStackTargetSize                   = 64                                        {product} {ergonomic}
   size_t InitialHeapSize                          = 268435456                                 {product} {ergonomic}
   size_t MarkStackSize                            = 4194304                                   {product} {ergonomic}
   size_t MaxHeapSize                              = 4280287232                                {product} {ergonomic}
   size_t MinHeapDeltaBytes                        = 2097152                                   {product} {ergonomic}
   size_t MinHeapSize                              = 8388608                                   {product} {ergonomic}
    uintx NonNMethodCodeHeapSize                   = 5832780                                {pd product} {ergonomic}
    uintx NonProfiledCodeHeapSize                  = 122912730                              {pd product} {ergonomic}
    uintx ProfiledCodeHeapSize                     = 122912730                              {pd product} {ergonomic}
    uintx ReservedCodeCacheSize                    = 251658240                              {pd product} {ergonomic}
     bool SegmentedCodeCache                       = true                                      {product} {ergonomic}
   size_t SoftMaxHeapSize                          = 4280287232                             {manageable} {ergonomic}
     bool UseCompressedOops                        = true                           {product lp64_product} {ergonomic}
     bool UseG1GC                                  = true                                      {product} {ergonomic}
     bool UseLargePagesIndividualAllocation        = false                                  {pd product} {ergonomic}

Logging:
Log output configuration:
 #0: stdout all=warning uptime,level,tags foldmultilines=false
 #1: stderr all=off uptime,level,tags foldmultilines=false

Environment Variables:
PATH=C:\Program Files\Common Files\Oracle\Java\javapath;C:\WINDOWS\system32;C:\WINDOWS;C:\WINDOWS\System32\Wbem;C:\WINDOWS\System32\WindowsPowerShell\v1.0\;C:\WINDOWS\System32\OpenSSH\;C:\Program Files\NVIDIA Corporation\NVIDIA NvDLISR;C:\Program Files\Git\cmd;C:\Users\PC SAN\AppData\Local\Microsoft\WindowsApps;C:\Users\PC SAN\AppData\Local\Programs\Microsoft VS Code\bin;C:\Gradle\gradle-8.5\bin;
USERNAME=PC SAN
OS=Windows_NT
PROCESSOR_IDENTIFIER=Intel64 Family 6 Model 158 Stepping 10, GenuineIntel
TMP=C:\Users\PCSAN~1\AppData\Local\Temp
TEMP=C:\Users\PCSAN~1\AppData\Local\Temp




Periodic native trim disabled

---------------  S Y S T E M  ---------------

OS:
 Windows 10 , 64 bit Build 19041 (10.0.19041.3636)
OS uptime: 1 days 19:44 hours
Hyper-V role detected

CPU: total 6 (initial active 6) (6 cores per cpu, 1 threads per core) family 6 model 158 stepping 10 microcode 0xb4, cx8, cmov, fxsr, mmx, 3dnowpref, sse, sse2, sse3, ssse3, sse4.1, sse4.2, popcnt, lzcnt, tsc, tscinvbit, avx, avx2, aes, erms, clmul, bmi1, bmi2, adx, fma, vzeroupper, clflush, clflushopt, hv, rdtscp, f16c
Processor Information for all 6 processors :
  Max Mhz: 2904, Current Mhz: 2904, Mhz Limit: 2904

Memory: 4k page, system-wide physical 16326M (8537M free)
TotalPageFile size 29052M (AvailPageFile size 93M)
current process WorkingSet (physical memory assigned to process): 10M, peak: 10M
current process commit charge ("private bytes"): 56M, peak: 312M

vm_info: Java HotSpot(TM) 64-Bit Server VM (21.0.1+12-LTS-29) for windows-amd64 JRE (21.0.1+12-LTS-29), built on 2023-10-05T13:27:09Z by "mach5one" with MS VC++ 17.1 (VS2022)

END.
